<?xml version="1.0" encoding="UTF-8"?>
<!-- Generated by org.testng.reporters.JUnitReportReporter -->
<testsuite hostname="DESKTOP-47EBBHS" failures="0" tests="3" name="FacebookAssignment.FBFunctionalities" time="55.076" errors="0" timestamp="2021-06-05T21:44:04 IST" skipped="0">
  <testcase classname="FacebookAssignment.FBFunctionalities" name="loginIntoFB" time="7.809"/>
  <system-out/>
  <testcase classname="FacebookAssignment.FBFunctionalities" name="postStatus" time="15.042"/>
  <system-out/>
  <testcase classname="FacebookAssignment.FBFunctionalities" name="changePassword" time="32.225"/>
  <system-out/>
</testsuite> <!-- FacebookAssignment.FBFunctionalities -->
